#
# There is insufficient memory for the Java Runtime Environment to continue.
# Native memory allocation (malloc) failed to allocate 1048576 bytes for AllocateHeap
# Possible reasons:
#   The system is out of physical RAM or swap space
#   The process is running with CompressedOops enabled, and the Java Heap may be blocking the growth of the native heap
# Possible solutions:
#   Reduce memory load on the system
#   Increase physical memory or swap space
#   Check if swap backing store is full
#   Decrease Java heap size (-Xmx/-Xms)
#   Decrease number of Java threads
#   Decrease Java thread stack sizes (-Xss)
#   Set larger code cache with -XX:ReservedCodeCacheSize=
#   JVM is running with Unscaled Compressed Oops mode in which the Java heap is
#     placed in the first 4GB address space. The Java Heap base address is the
#     maximum limit for the native heap growth. Please use -XX:HeapBaseMinAddress
#     to set the Java Heap base and to place the Java Heap above 4GB virtual address.
# This output file may be truncated or incomplete.
#
#  Out of Memory Error (memory/allocation.inline.hpp:61), pid=9624, tid=0x0000000000002664
#
# JRE version:  (8.0_221-b11) (build )
# Java VM: Java HotSpot(TM) 64-Bit Server VM (25.221-b11 mixed mode windows-amd64 compressed oops)
# Failed to write core dump. Minidumps are not enabled by default on client versions of Windows
#

---------------  T H R E A D  ---------------

Current thread (0x0000000000bde000):  JavaThread "Unknown thread" [_thread_in_vm, id=9828, stack(0x0000000002ca0000,0x0000000002da0000)]

Stack: [0x0000000002ca0000,0x0000000002da0000]
[error occurred during error reporting (printing stack bounds), id 0xc0000005]

Native frames: (J=compiled Java code, j=interpreted, Vv=VM code, C=native code)


---------------  P R O C E S S  ---------------

Java Threads: ( => current thread )

Other Threads:

=>0x0000000000bde000 (exited) JavaThread "Unknown thread" [_thread_in_vm, id=9828, stack(0x0000000002ca0000,0x0000000002da0000)]

VM state:not at safepoint (normal execution)

VM Mutex/Monitor currently owned by a thread: None

heap address: 0x0000000081e00000, size: 2018 MB, Compressed Oops mode: 32-bit
Narrow klass base: 0x0000000000000000, Narrow klass shift: 3
Compressed class space size: 1073741824 Address: 0x0000000100000000

Heap:
 PSYoungGen      total 38400K, used 665K [0x00000000d5f80000, 0x00000000d8a00000, 0x0000000100000000)
  eden space 33280K, 2% used [0x00000000d5f80000,0x00000000d6026670,0x00000000d8000000)
  from space 5120K, 0% used [0x00000000d8500000,0x00000000d8500000,0x00000000d8a00000)
  to   space 5120K, 0% used [0x00000000d8000000,0x00000000d8000000,0x00000000d8500000)
 ParOldGen       total 87552K, used 0K [0x0000000081e00000, 0x0000000087380000, 0x00000000d5f80000)
  object space 87552K, 0% used [0x0000000081e00000,0x0000000081e00000,0x0000000087380000)
 Metaspace       used 776K, capacity 4480K, committed 4480K, reserved 1056768K
  class space    used 76K, capacity 384K, committed 384K, reserved 1048576K

Card table byte_map: [0x00000000122a0000,0x00000000126a0000] byte_map_base: 0x0000000011e91000

Marking Bits: (ParMarkBitMap*) 0x000000006c2c5ce0
 Begin Bits: [0x0000000013150000, 0x00000000150d8000)
 End Bits:   [0x00000000150d8000, 0x0000000017060000)

Polling page: 0x0000000001010000

CodeCache: size=245760Kb used=328Kb max_used=328Kb free=245431Kb
 bounds [0x0000000002ee0000, 0x0000000003150000, 0x0000000011ee0000]
 total_blobs=58 nmethods=0 adapters=38
 compilation: enabled

Compilation events (0 events):
No events

GC Heap History (0 events):
No events

Deoptimization events (0 events):
No events

Classes redefined (0 events):
No events

Internal exceptions (0 events):
No events

Events (10 events):
Event: 0.018 loading class java/lang/Short
Event: 0.018 loading class java/lang/Short done
Event: 0.018 loading class java/lang/Integer
Event: 0.018 loading class java/lang/Integer done
Event: 0.018 loading class java/lang/Long
Event: 0.018 loading class java/lang/Long done
Event: 0.018 loading class java/lang/NullPointerException
Event: 0.018 loading class java/lang/NullPointerException done
Event: 0.018 loading class java/lang/ArithmeticException
Event: 0.018 loading class java/lang/ArithmeticException done


Dynamic libraries:
0x00007ff6b0e20000 - 0x00007ff6b0e57000 	C:\Program Files\Java\jdk1.8.0_221\bin\java.exe
0x00007ffd4c120000 - 0x00007ffd4c310000 	C:\Windows\SYSTEM32\ntdll.dll
0x00007ffd4be30000 - 0x00007ffd4bee2000 	C:\Windows\System32\KERNEL32.DLL
0x00007ffd490e0000 - 0x00007ffd49383000 	C:\Windows\System32\KERNELBASE.dll
0x00007ffd4a7b0000 - 0x00007ffd4a853000 	C:\Windows\System32\ADVAPI32.dll
0x00007ffd4b8a0000 - 0x00007ffd4b93e000 	C:\Windows\System32\msvcrt.dll
0x00007ffd4b250000 - 0x00007ffd4b2e7000 	C:\Windows\System32\sechost.dll
0x00007ffd4b5c0000 - 0x00007ffd4b6e0000 	C:\Windows\System32\RPCRT4.dll
0x00007ffd4b6e0000 - 0x00007ffd4b874000 	C:\Windows\System32\USER32.dll
0x00007ffd4a1a0000 - 0x00007ffd4a1c1000 	C:\Windows\System32\win32u.dll
0x00007ffd4b350000 - 0x00007ffd4b376000 	C:\Windows\System32\GDI32.dll
0x00007ffd49db0000 - 0x00007ffd49f44000 	C:\Windows\System32\gdi32full.dll
0x00007ffd494f0000 - 0x00007ffd4958e000 	C:\Windows\System32\msvcp_win.dll
0x00007ffd49f50000 - 0x00007ffd4a04a000 	C:\Windows\System32\ucrtbase.dll
0x00007ffd2e9a0000 - 0x00007ffd2ec25000 	C:\Windows\WinSxS\amd64_microsoft.windows.common-controls_6595b64144ccf1df_6.0.18362.476_none_e6c4b11b130f2595\COMCTL32.dll
0x00007ffd4a1d0000 - 0x00007ffd4a506000 	C:\Windows\System32\combase.dll
0x00007ffd49d30000 - 0x00007ffd49db0000 	C:\Windows\System32\bcryptPrimitives.dll
0x00007ffd4b0d0000 - 0x00007ffd4b0fe000 	C:\Windows\System32\IMM32.DLL
0x000000006b9c0000 - 0x000000006ba92000 	C:\Program Files\Java\jdk1.8.0_221\jre\bin\msvcr100.dll
0x000000006baa0000 - 0x000000006c345000 	C:\Program Files\Java\jdk1.8.0_221\jre\bin\server\jvm.dll
0x00007ffd4b940000 - 0x00007ffd4b948000 	C:\Windows\System32\PSAPI.DLL
0x00007ffd3eac0000 - 0x00007ffd3eae4000 	C:\Windows\SYSTEM32\WINMM.dll
0x00007ffd44290000 - 0x00007ffd4429a000 	C:\Windows\SYSTEM32\VERSION.dll
0x00007ffd25d60000 - 0x00007ffd25d69000 	C:\Windows\SYSTEM32\WSOCK32.dll
0x00007ffd4bfc0000 - 0x00007ffd4c02f000 	C:\Windows\System32\WS2_32.dll
0x00007ffd3ea20000 - 0x00007ffd3ea4d000 	C:\Windows\SYSTEM32\WINMMBASE.dll
0x00007ffd49390000 - 0x00007ffd493da000 	C:\Windows\System32\cfgmgr32.dll
0x00007ffd218a0000 - 0x00007ffd218af000 	C:\Program Files\Java\jdk1.8.0_221\jre\bin\verify.dll
0x00007ffd07ff0000 - 0x00007ffd08019000 	C:\Program Files\Java\jdk1.8.0_221\jre\bin\java.dll
0x00007ffd0d470000 - 0x00007ffd0d486000 	C:\Program Files\Java\jdk1.8.0_221\jre\bin\zip.dll

VM Arguments:
jvm_args: -Dfile.encoding=UTF-8 
java_command: view.QuanLy
java_class_path (initial): E:\BTL_OOP\BTLOOP\build\classes
Launcher Type: SUN_STANDARD

Environment Variables:
JAVA_HOME=C:\Program Files\Java\jdk-12.0.2
PATH=C:\Program Files (x86)\Common Files\Oracle\Java\javapath;C:\Windows\system32;C:\Windows;C:\Windows\System32\Wbem;C:\Windows\System32\WindowsPowerShell\v1.0\;C:\Windows\System32\OpenSSH\;C:\Program Files\NVIDIA Corporation\NVIDIA NvDLISR;C:\Program Files (x86)\NVIDIA Corporation\PhysX\Common;C:\Program Files\Java\jdk-12.0.2\bin;C:\Program Files\Microsoft SQL Server\Client SDK\ODBC\130\Tools\Binn\;C:\Program Files (x86)\Microsoft SQL Server\140\Tools\Binn\;C:\Program Files\Microsoft SQL Server\140\Tools\Binn\;C:\Program Files\Microsoft SQL Server\140\DTS\Binn\;C:\Program Files (x86)\Microsoft SQL Server\150\DTS\Binn\;C:\Users\1920\AppData\Local\Programs\Python\Python37-32\Scripts;C:\Users\1920\AppData\Local\Programs\Python\Python37-32;C:\Program Files\Git\cmd;C:\Program Files\Java\jdk1.8.0_221\bin;C:\Users\1920\AppData\Local\GitHubDesktop\bin
USERNAME=1920
OS=Windows_NT
PROCESSOR_IDENTIFIER=Intel64 Family 6 Model 158 Stepping 10, GenuineIntel



---------------  S Y S T E M  ---------------

OS: Windows 10.0 , 64 bit Build 18362 (10.0.18362.329)

CPU:total 8 (initial active 8) (4 cores per cpu, 2 threads per core) family 6 model 158 stepping 10, cmov, cx8, fxsr, mmx, sse, sse2, sse3, ssse3, sse4.1, sse4.2, popcnt, avx, avx2, aes, clmul, erms, 3dnowpref, lzcnt, ht, tsc, tscinvbit, bmi1, bmi2, adx

Memory: 4k page, physical 8259796k(1471352k free), swap 12454100k(5960k free)

vm_info: Java HotSpot(TM) 64-Bit Server VM (25.221-b11) for windows-amd64 JRE (1.8.0_221-b11), built on Jul  4 2019 04:39:29 by "java_re" with MS VC++ 10.0 (VS2010)

time: Sat Nov 16 20:25:05 2019
timezone: SE Asia Standard Time
elapsed time: 0 seconds (0d 0h 0m 0s)

