#
# There is insufficient memory for the Java Runtime Environment to continue.
# Native memory allocation (malloc) failed to allocate 32744 bytes for ChunkPool::allocate
# Possible reasons:
#   The system is out of physical RAM or swap space
#   The process is running with CompressedOops enabled, and the Java Heap may be blocking the growth of the native heap
# Possible solutions:
#   Reduce memory load on the system
#   Increase physical memory or swap space
#   Check if swap backing store is full
#   Decrease Java heap size (-Xmx/-Xms)
#   Decrease number of Java threads
#   Decrease Java thread stack sizes (-Xss)
#   Set larger code cache with -XX:ReservedCodeCacheSize=
#   JVM is running with Unscaled Compressed Oops mode in which the Java heap is
#     placed in the first 4GB address space. The Java Heap base address is the
#     maximum limit for the native heap growth. Please use -XX:HeapBaseMinAddress
#     to set the Java Heap base and to place the Java Heap above 4GB virtual address.
# This output file may be truncated or incomplete.
#
#  Out of Memory Error (allocation.cpp:272), pid=5008, tid=0x000000000000011c
#
# JRE version: Java(TM) SE Runtime Environment (8.0_221-b11) (build 1.8.0_221-b11)
# Java VM: Java HotSpot(TM) 64-Bit Server VM (25.221-b11 mixed mode windows-amd64 compressed oops)
# Failed to write core dump. Minidumps are not enabled by default on client versions of Windows
#

---------------  T H R E A D  ---------------

Current thread (0x00000000199d1800):  JavaThread "C1 CompilerThread3" daemon [_thread_in_native, id=284, stack(0x000000001a590000,0x000000001a690000)]

Stack: [0x000000001a590000,0x000000001a690000]
[error occurred during error reporting (printing stack bounds), id 0xc0000005]

Native frames: (J=compiled Java code, j=interpreted, Vv=VM code, C=native code)


Current CompileTask:
C1:    379  623       3       javax.swing.plaf.nimbus.NimbusStyle::validate (1178 bytes)


---------------  P R O C E S S  ---------------

Java Threads: ( => current thread )
  0x0000000002b3e000 JavaThread "DestroyJavaVM" [_thread_blocked, id=7692, stack(0x0000000002a00000,0x0000000002b00000)]
  0x000000001aab3800 JavaThread "AWT-EventQueue-0" [_thread_in_vm, id=1108, stack(0x000000001be60000,0x000000001bf60000)]
  0x000000001a9f8000 JavaThread "AWT-Windows" daemon [_thread_in_native, id=9320, stack(0x000000001b3d0000,0x000000001b4d0000)]
  0x000000001a9f7000 JavaThread "AWT-Shutdown" [_thread_blocked, id=16256, stack(0x000000001b2d0000,0x000000001b3d0000)]
  0x000000001a9f6800 JavaThread "Java2D Disposer" daemon [_thread_blocked, id=4560, stack(0x000000001b1d0000,0x000000001b2d0000)]
  0x0000000019a4f800 JavaThread "Service Thread" daemon [_thread_blocked, id=17628, stack(0x000000001a690000,0x000000001a790000)]
=>0x00000000199d1800 JavaThread "C1 CompilerThread3" daemon [_thread_in_native, id=284, stack(0x000000001a590000,0x000000001a690000)]
  0x00000000199c8800 JavaThread "C2 CompilerThread2" daemon [_thread_blocked, id=2820, stack(0x000000001a490000,0x000000001a590000)]
  0x00000000199c5800 JavaThread "C2 CompilerThread1" daemon [_thread_blocked, id=8592, stack(0x000000001a390000,0x000000001a490000)]
  0x00000000199c2800 JavaThread "C2 CompilerThread0" daemon [_thread_blocked, id=9600, stack(0x000000001a290000,0x000000001a390000)]
  0x00000000199c0000 JavaThread "Attach Listener" daemon [_thread_blocked, id=9232, stack(0x000000001a190000,0x000000001a290000)]
  0x00000000199bf000 JavaThread "Signal Dispatcher" daemon [_thread_blocked, id=16604, stack(0x000000001a090000,0x000000001a190000)]
  0x00000000199b0800 JavaThread "Finalizer" daemon [_thread_blocked, id=17976, stack(0x0000000019e90000,0x0000000019f90000)]
  0x0000000002c35800 JavaThread "Reference Handler" daemon [_thread_blocked, id=16452, stack(0x0000000019d90000,0x0000000019e90000)]

Other Threads:
  0x0000000017ba9000 VMThread [stack: 0x0000000019890000,0x0000000019990000] [id=6560]
  0x0000000019a72800 WatcherThread [stack: 0x000000001a790000,0x000000001a890000] [id=3472]

VM state:not at safepoint (normal execution)

VM Mutex/Monitor currently owned by a thread: None

heap address: 0x0000000081e00000, size: 2018 MB, Compressed Oops mode: 32-bit
Narrow klass base: 0x0000000000000000, Narrow klass shift: 3
Compressed class space size: 1073741824 Address: 0x0000000100000000

Heap:
 PSYoungGen      total 38400K, used 9377K [0x00000000d5f80000, 0x00000000d8a00000, 0x0000000100000000)
  eden space 33280K, 28% used [0x00000000d5f80000,0x00000000d68a84c8,0x00000000d8000000)
  from space 5120K, 0% used [0x00000000d8500000,0x00000000d8500000,0x00000000d8a00000)
  to   space 5120K, 0% used [0x00000000d8000000,0x00000000d8000000,0x00000000d8500000)
 ParOldGen       total 87552K, used 0K [0x0000000081e00000, 0x0000000087380000, 0x00000000d5f80000)
  object space 87552K, 0% used [0x0000000081e00000,0x0000000081e00000,0x0000000087380000)
 Metaspace       used 11517K, capacity 11776K, committed 11904K, reserved 1058816K
  class space    used 1489K, capacity 1576K, committed 1664K, reserved 1048576K

Card table byte_map: [0x0000000012000000,0x0000000012400000] byte_map_base: 0x0000000011bf1000

Marking Bits: (ParMarkBitMap*) 0x000000006c2c5ce0
 Begin Bits: [0x0000000012eb0000, 0x0000000014e38000)
 End Bits:   [0x0000000014e38000, 0x0000000016dc0000)

Polling page: 0x0000000000bd0000

CodeCache: size=245760Kb used=2361Kb max_used=2372Kb free=243398Kb
 bounds [0x0000000002c40000, 0x0000000002eb0000, 0x0000000011c40000]
 total_blobs=1097 nmethods=618 adapters=392
 compilation: enabled

Compilation events (10 events):
Event: 0.366 Thread 0x00000000199d1800 nmethod 614 0x0000000002e8c0d0 code [0x0000000002e8c280, 0x0000000002e8c8b8]
Event: 0.366 Thread 0x00000000199d1800  611       1       sun.java2d.SurfaceData::isValid (5 bytes)
Event: 0.366 Thread 0x00000000199d1800 nmethod 611 0x0000000002e8cb10 code [0x0000000002e8cc60, 0x0000000002e8cd70]
Event: 0.366 Thread 0x00000000199d1800  615       3       java.awt.Color::getAlpha (12 bytes)
Event: 0.367 Thread 0x00000000199d1800 nmethod 615 0x0000000002e8cdd0 code [0x0000000002e8cf40, 0x0000000002e8d168]
Event: 0.367 Thread 0x00000000199d1800  616       3       sun.font.CompositeFont::getMapper (24 bytes)
Event: 0.367 Thread 0x00000000199d1800 nmethod 616 0x0000000002e8d210 code [0x0000000002e8d380, 0x0000000002e8d5e8]
Event: 0.367 Thread 0x00000000199d1800  618       3       sun.font.FontDesignMetrics::stringWidth (154 bytes)
Event: 0.368 Thread 0x00000000199d1800 nmethod 618 0x0000000002e8d690 code [0x0000000002e8d940, 0x0000000002e8e9e8]
Event: 0.368 Thread 0x00000000199d1800  623       3       javax.swing.plaf.nimbus.NimbusStyle::validate (1178 bytes)

GC Heap History (0 events):
No events

Deoptimization events (1 events):
Event: 0.135 Thread 0x0000000002b3e000 Uncommon trap: reason=null_check action=make_not_entrant pc=0x0000000002da7294 method=java.lang.String.equals(Ljava/lang/Object;)Z @ 8

Classes redefined (0 events):
No events

Internal exceptions (10 events):
Event: 0.168 Thread 0x0000000002b3e000 Exception <a 'java/lang/ClassNotFoundException': ToolBar> (0x00000000d6386f28) thrown at [C:\re\workspace\8-2-build-windows-amd64-cygwin\jdk8u221\13320\hotspot\src\share\vm\classfile\systemDictionary.cpp, line 210]
Event: 0.168 Thread 0x0000000002b3e000 Exception <a 'java/lang/ClassNotFoundException': ToggleButton> (0x00000000d63874d8) thrown at [C:\re\workspace\8-2-build-windows-amd64-cygwin\jdk8u221\13320\hotspot\src\share\vm\classfile\systemDictionary.cpp, line 210]
Event: 0.168 Thread 0x0000000002b3e000 Exception <a 'java/lang/ClassNotFoundException': javax/swing/JToolBarSeparator> (0x00000000d6387938) thrown at [C:\re\workspace\8-2-build-windows-amd64-cygwin\jdk8u221\13320\hotspot\src\share\vm\classfile\systemDictionary.cpp, line 210]
Event: 0.168 Thread 0x0000000002b3e000 Exception <a 'java/lang/ClassNotFoundException': ToolBarSeparator> (0x00000000d6387dd0) thrown at [C:\re\workspace\8-2-build-windows-amd64-cygwin\jdk8u221\13320\hotspot\src\share\vm\classfile\systemDictionary.cpp, line 210]
Event: 0.168 Thread 0x0000000002b3e000 Exception <a 'java/lang/ClassNotFoundException': ToolTip> (0x00000000d6388510) thrown at [C:\re\workspace\8-2-build-windows-amd64-cygwin\jdk8u221\13320\hotspot\src\share\vm\classfile\systemDictionary.cpp, line 210]
Event: 0.168 Thread 0x0000000002b3e000 Exception <a 'java/lang/ClassNotFoundException': Tree> (0x00000000d6389130) thrown at [C:\re\workspace\8-2-build-windows-amd64-cygwin\jdk8u221\13320\hotspot\src\share\vm\classfile\systemDictionary.cpp, line 210]
Event: 0.168 Thread 0x0000000002b3e000 Exception <a 'java/lang/ClassNotFoundException': Tree> (0x00000000d6389870) thrown at [C:\re\workspace\8-2-build-windows-amd64-cygwin\jdk8u221\13320\hotspot\src\share\vm\classfile\systemDictionary.cpp, line 210]
Event: 0.168 Thread 0x0000000002b3e000 Exception <a 'java/lang/ClassNotFoundException': javax/swing/JTreeCell> (0x00000000d6389bf0) thrown at [C:\re\workspace\8-2-build-windows-amd64-cygwin\jdk8u221\13320\hotspot\src\share\vm\classfile\systemDictionary.cpp, line 210]
Event: 0.168 Thread 0x0000000002b3e000 Exception <a 'java/lang/ClassNotFoundException': TreeCell> (0x00000000d638a078) thrown at [C:\re\workspace\8-2-build-windows-amd64-cygwin\jdk8u221\13320\hotspot\src\share\vm\classfile\systemDictionary.cpp, line 210]
Event: 0.169 Thread 0x0000000002b3e000 Exception <a 'java/lang/ClassNotFoundException': RootPane> (0x00000000d638aad8) thrown at [C:\re\workspace\8-2-build-windows-amd64-cygwin\jdk8u221\13320\hotspot\src\share\vm\classfile\systemDictionary.cpp, line 210]

Events (10 events):
Event: 0.354 loading class sun/java2d/pipe/AlphaPaintPipe$TileContext
Event: 0.354 loading class sun/java2d/pipe/AlphaPaintPipe$TileContext done
Event: 0.356 loading class java/awt/PrintGraphics
Event: 0.356 loading class java/awt/PrintGraphics done
Event: 0.356 loading class sun/java2d/loops/FontInfo
Event: 0.356 loading class sun/java2d/loops/FontInfo done
Event: 0.356 loading class java/awt/geom/RoundRectIterator
Event: 0.356 loading class java/awt/geom/PathIterator
Event: 0.356 loading class java/awt/geom/PathIterator done
Event: 0.356 loading class java/awt/geom/RoundRectIterator done


Dynamic libraries:
0x00007ff6b0e20000 - 0x00007ff6b0e57000 	C:\Program Files\Java\jdk1.8.0_221\bin\java.exe
0x00007ffd4c120000 - 0x00007ffd4c310000 	C:\Windows\SYSTEM32\ntdll.dll
0x00007ffd4be30000 - 0x00007ffd4bee2000 	C:\Windows\System32\KERNEL32.DLL
0x00007ffd490e0000 - 0x00007ffd49383000 	C:\Windows\System32\KERNELBASE.dll
0x00007ffd4a7b0000 - 0x00007ffd4a853000 	C:\Windows\System32\ADVAPI32.dll
0x00007ffd4b8a0000 - 0x00007ffd4b93e000 	C:\Windows\System32\msvcrt.dll
0x00007ffd4b250000 - 0x00007ffd4b2e7000 	C:\Windows\System32\sechost.dll
0x00007ffd4b5c0000 - 0x00007ffd4b6e0000 	C:\Windows\System32\RPCRT4.dll
0x00007ffd4b6e0000 - 0x00007ffd4b874000 	C:\Windows\System32\USER32.dll
0x00007ffd4a1a0000 - 0x00007ffd4a1c1000 	C:\Windows\System32\win32u.dll
0x00007ffd4b350000 - 0x00007ffd4b376000 	C:\Windows\System32\GDI32.dll
0x00007ffd49db0000 - 0x00007ffd49f44000 	C:\Windows\System32\gdi32full.dll
0x00007ffd494f0000 - 0x00007ffd4958e000 	C:\Windows\System32\msvcp_win.dll
0x00007ffd49f50000 - 0x00007ffd4a04a000 	C:\Windows\System32\ucrtbase.dll
0x00007ffd2e9a0000 - 0x00007ffd2ec25000 	C:\Windows\WinSxS\amd64_microsoft.windows.common-controls_6595b64144ccf1df_6.0.18362.476_none_e6c4b11b130f2595\COMCTL32.dll
0x00007ffd4a1d0000 - 0x00007ffd4a506000 	C:\Windows\System32\combase.dll
0x00007ffd49d30000 - 0x00007ffd49db0000 	C:\Windows\System32\bcryptPrimitives.dll
0x00007ffd4b0d0000 - 0x00007ffd4b0fe000 	C:\Windows\System32\IMM32.DLL
0x000000006b9c0000 - 0x000000006ba92000 	C:\Program Files\Java\jdk1.8.0_221\jre\bin\msvcr100.dll
0x000000006baa0000 - 0x000000006c345000 	C:\Program Files\Java\jdk1.8.0_221\jre\bin\server\jvm.dll
0x00007ffd4b940000 - 0x00007ffd4b948000 	C:\Windows\System32\PSAPI.DLL
0x00007ffd3eac0000 - 0x00007ffd3eae4000 	C:\Windows\SYSTEM32\WINMM.dll
0x00007ffd44290000 - 0x00007ffd4429a000 	C:\Windows\SYSTEM32\VERSION.dll
0x00007ffd25d60000 - 0x00007ffd25d69000 	C:\Windows\SYSTEM32\WSOCK32.dll
0x00007ffd4bfc0000 - 0x00007ffd4c02f000 	C:\Windows\System32\WS2_32.dll
0x00007ffd3ea20000 - 0x00007ffd3ea4d000 	C:\Windows\SYSTEM32\winmmbase.dll
0x00007ffd49390000 - 0x00007ffd493da000 	C:\Windows\System32\cfgmgr32.dll
0x00007ffd218a0000 - 0x00007ffd218af000 	C:\Program Files\Java\jdk1.8.0_221\jre\bin\verify.dll
0x00007ffd07ff0000 - 0x00007ffd08019000 	C:\Program Files\Java\jdk1.8.0_221\jre\bin\java.dll
0x00007ffd0d470000 - 0x00007ffd0d486000 	C:\Program Files\Java\jdk1.8.0_221\jre\bin\zip.dll
0x00007ffd4a860000 - 0x00007ffd4af45000 	C:\Windows\System32\SHELL32.dll
0x00007ffd4b020000 - 0x00007ffd4b0c9000 	C:\Windows\System32\shcore.dll
0x00007ffd49590000 - 0x00007ffd49d0e000 	C:\Windows\System32\windows.storage.dll
0x00007ffd49090000 - 0x00007ffd490af000 	C:\Windows\System32\profapi.dll
0x00007ffd49000000 - 0x00007ffd4904a000 	C:\Windows\System32\powrprof.dll
0x00007ffd48ff0000 - 0x00007ffd49000000 	C:\Windows\System32\UMPDC.dll
0x00007ffd4b2f0000 - 0x00007ffd4b342000 	C:\Windows\System32\shlwapi.dll
0x00007ffd49070000 - 0x00007ffd49081000 	C:\Windows\System32\kernel.appcore.dll
0x00007ffd49d10000 - 0x00007ffd49d27000 	C:\Windows\System32\cryptsp.dll
0x00007ffd07be0000 - 0x00007ffd07d79000 	C:\Program Files\Java\jdk1.8.0_221\jre\bin\awt.dll
0x00007ffd4af50000 - 0x00007ffd4b014000 	C:\Windows\System32\OLEAUT32.dll
0x00007ffd46f10000 - 0x00007ffd46f9f000 	C:\Windows\SYSTEM32\apphelp.dll
0x00007ffd46fe0000 - 0x00007ffd47079000 	C:\Windows\system32\uxtheme.dll
0x00007ffd4b100000 - 0x00007ffd4b236000 	C:\Windows\System32\MSCTF.dll
0x00007ffd4b400000 - 0x00007ffd4b556000 	C:\Windows\System32\ole32.dll
0x00007ffd47510000 - 0x00007ffd4753d000 	C:\Windows\system32\DWMAPI.DLL
0x00007ffd07b90000 - 0x00007ffd07bd9000 	C:\Program Files\Java\jdk1.8.0_221\jre\bin\fontmanager.dll
0x00007ffd1b9d0000 - 0x00007ffd1bb26000 	C:\Windows\system32\opengl32.dll
0x00007ffd38300000 - 0x00007ffd3832c000 	C:\Windows\SYSTEM32\GLU32.dll
0x00007ffd47c60000 - 0x00007ffd47c80000 	C:\Windows\SYSTEM32\dxcore.dll
0x00007ffd4c030000 - 0x00007ffd4c0d2000 	C:\Windows\System32\clbcatq.dll
0x00007ffd3b090000 - 0x00007ffd3b23f000 	C:\Windows\SYSTEM32\WindowsCodecs.dll
0x00007ffd1f850000 - 0x00007ffd1f88a000 	C:\Windows\system32\dataexchange.dll
0x00007ffd46070000 - 0x00007ffd462cb000 	C:\Windows\system32\d3d11.dll
0x00007ffd46860000 - 0x00007ffd46a3b000 	C:\Windows\system32\dcomp.dll
0x00007ffd47cf0000 - 0x00007ffd47ddb000 	C:\Windows\system32\dxgi.dll
0x00007ffd470a0000 - 0x00007ffd472fa000 	C:\Windows\system32\twinapi.appcore.dll
0x00007ffd474e0000 - 0x00007ffd47509000 	C:\Windows\system32\RMCLIENT.dll
0x00007ffd07fd0000 - 0x00007ffd07fea000 	C:\Program Files\Java\jdk1.8.0_221\jre\bin\net.dll
0x00007ffd3a990000 - 0x00007ffd3ab66000 	C:\Windows\SYSTEM32\urlmon.dll
0x00007ffd39550000 - 0x00007ffd397f6000 	C:\Windows\SYSTEM32\iertutil.dll
0x00007ffd48a30000 - 0x00007ffd48a3c000 	C:\Windows\SYSTEM32\CRYPTBASE.DLL
0x00007ffd48860000 - 0x00007ffd488c7000 	C:\Windows\system32\mswsock.dll
0x00007ffd07fb0000 - 0x00007ffd07fc2000 	C:\Program Files\Java\jdk1.8.0_221\jre\bin\nio.dll
0x00007ffd06d30000 - 0x00007ffd06d72000 	C:\Program Files\Java\jdk1.8.0_221\jre\bin\t2k.dll
0x00007ffd3cbe0000 - 0x00007ffd3cc7e000 	C:\Windows\System32\TextInputFramework.dll
0x00007ffd3bc80000 - 0x00007ffd3bfaa000 	C:\Windows\System32\CoreUIComponents.dll
0x00007ffd46780000 - 0x00007ffd46854000 	C:\Windows\System32\CoreMessaging.dll
0x00007ffd48050000 - 0x00007ffd48081000 	C:\Windows\SYSTEM32\ntmarta.dll
0x00007ffd44da0000 - 0x00007ffd44ef3000 	C:\Windows\SYSTEM32\wintypes.dll
0x00007ffd0ffc0000 - 0x00007ffd0ffea000 	C:\Program Files\Java\jdk1.8.0_221\jre\bin\dcpr.dll

VM Arguments:
jvm_args: -Dfile.encoding=UTF-8 
java_command: view.SoHoKhau
java_class_path (initial): E:\BTL_OOP\BTLOOP\build\classes
Launcher Type: SUN_STANDARD

Environment Variables:
JAVA_HOME=C:\Program Files\Java\jdk-12.0.2
PATH=C:\Program Files (x86)\Common Files\Oracle\Java\javapath;C:\Windows\system32;C:\Windows;C:\Windows\System32\Wbem;C:\Windows\System32\WindowsPowerShell\v1.0\;C:\Windows\System32\OpenSSH\;C:\Program Files\NVIDIA Corporation\NVIDIA NvDLISR;C:\Program Files (x86)\NVIDIA Corporation\PhysX\Common;C:\Program Files\Java\jdk-12.0.2\bin;C:\Program Files\Microsoft SQL Server\Client SDK\ODBC\130\Tools\Binn\;C:\Program Files (x86)\Microsoft SQL Server\140\Tools\Binn\;C:\Program Files\Microsoft SQL Server\140\Tools\Binn\;C:\Program Files\Microsoft SQL Server\140\DTS\Binn\;C:\Program Files (x86)\Microsoft SQL Server\150\DTS\Binn\;C:\Users\1920\AppData\Local\Programs\Python\Python37-32\Scripts;C:\Users\1920\AppData\Local\Programs\Python\Python37-32;C:\Program Files\Git\cmd;C:\Program Files\Java\jdk1.8.0_221\bin;C:\Users\1920\AppData\Local\GitHubDesktop\bin
USERNAME=1920
OS=Windows_NT
PROCESSOR_IDENTIFIER=Intel64 Family 6 Model 158 Stepping 10, GenuineIntel



---------------  S Y S T E M  ---------------

OS: Windows 10.0 , 64 bit Build 18362 (10.0.18362.329)

CPU:total 8 (initial active 8) (4 cores per cpu, 2 threads per core) family 6 model 158 stepping 10, cmov, cx8, fxsr, mmx, sse, sse2, sse3, ssse3, sse4.1, sse4.2, popcnt, avx, avx2, aes, clmul, erms, 3dnowpref, lzcnt, ht, tsc, tscinvbit, bmi1, bmi2, adx

Memory: 4k page, physical 8259796k(1522752k free), swap 12454100k(1672k free)

vm_info: Java HotSpot(TM) 64-Bit Server VM (25.221-b11) for windows-amd64 JRE (1.8.0_221-b11), built on Jul  4 2019 04:39:29 by "java_re" with MS VC++ 10.0 (VS2010)

time: Sat Nov 16 20:01:40 2019
timezone: SE Asia Standard Time
elapsed time: 0 seconds (0d 0h 0m 0s)

